C51 COMPILER V9.01   150                                                                   08/18/2018 17:02:11 PAGE 1   


C51 COMPILER V9.01, COMPILATION OF MODULE 150
OBJECT MODULE PLACED IN 150.OBJ
COMPILER INVOKED BY: D:\Keil\C51\BIN\C51.EXE 150.c BROWSE DEBUG OBJECTEXTEND

line level    source

   1          #include<reg52.h>
   2          #define uchar unsigned char     
   3          #define uint unsigned int
   4          
   5          sbit duan = P3^0;  //段选
   6          sbit wei = P3^1;   //位选
   7          sbit S1 = P1^0;        //暂停键
   8          sbit S2 = P1^1;        //增加键
   9          sbit S3 = P1^2;        //减少键
  10          sbit S4 = P1^3; //闹钟设置键
  11          sbit S5 = P1^4; //闹钟启用停止键
  12          
  13          
  14          uchar code aaa[] = {0x3f,0x06,0x5b,0x4f,0x66,0x6d,0x7d,0x07,0x7f,0x6f};//数码管段0-9（10）
  15          uchar temp,out = 1,qq = 0,ww = 0,H,M,S,j1,j2,k1,k2,l1,l2;
  16          uchar H1 = 0,M1 = 0,Sa = 0,j10,j20,k10,k20,l10,l20,SS = 0;
  17          uint UT;
  18          
  19          
  20          /*********************************************/
  21          /*********延时函数:毫秒***********************/
  22          void delayMS(x) //延时函数，单位毫秒
  23          {
  24   1              uint a , b;
  25   1              for(a = 0 ; a < x ; a++ )
  26   1              for(b = 0 ; b < 110 ; b++);
  27   1                      }
  28                          
  29          
  30          /************************************/
  31          /************显示时分秒**************/
  32          void play(uint h1 , uint h2 , uint m1 , uint m2 , uint s1 , uint s2) //时分秒的显示
  33          {
  34   1              wei = 0; //时的十位
  35   1              P2 = 0xfe;
  36   1              wei = 1; 
  37   1      
  38   1              duan = 1;
  39   1              P0 = aaa[h1];
  40   1              duan = 0;
  41   1              delayMS(3);
  42   1      
  43   1              wei = 1; //时的个位
  44   1              P2 = 0xfd;
  45   1              wei = 0; 
  46   1      
  47   1              duan = 1;
  48   1              P0 = aaa[h2];
  49   1              duan = 0;        
  50   1              delayMS(3);
  51   1      
  52   1              wei = 1; //分的十位
  53   1              P2 = 0xf7;
  54   1              wei = 0; 
  55   1      
C51 COMPILER V9.01   150                                                                   08/18/2018 17:02:11 PAGE 2   

  56   1              duan = 1;
  57   1              P0 = aaa[m1];
  58   1              duan = 0;
  59   1              delayMS(3);
  60   1      
  61   1              wei = 1; //分的个位
  62   1              P2 = 0xef;
  63   1              wei = 0; 
  64   1      
  65   1              duan = 1;
  66   1              P0 = aaa[m2];
  67   1              duan = 0;
  68   1              delayMS(3);
  69   1      
  70   1              wei = 1; //秒的十位
  71   1              P2 = 0xbf;
  72   1              wei = 0; 
  73   1      
  74   1              duan = 1;
  75   1              P0 = aaa[s1];
  76   1              duan = 0;
  77   1              delayMS(3);
  78   1      
  79   1              wei = 1; //秒的个位
  80   1              P2 = 0x7f; 
  81   1              wei = 0; 
  82   1      
  83   1              duan = 1;
  84   1              P0 = aaa[s2];
  85   1              duan = 0;
  86   1              delayMS(3); 
  87   1      }
  88          /***********************************/
  89          /*************按键及功能************/
  90          void stopfunc() //S1键函数 暂停
  91          {
  92   1              if(S1 == 0)
  93   1              {
  94   2                      while(!S1);
  95   2                      qq++;
  96   2                      out = 0; //暂停
  97   2                      TR0 = 0;        
  98   2              }                
  99   1      }
 100          
 101          
 102          void WWS4() //闹钟设置
 103          {
 104   1              if(S4 == 0)
 105   1              {
 106   2                      while(!S4);
 107   2                      ww++;
 108   2              }
 109   1      }
 110          
 111          
 112          void begin() //S5键 闹钟启动和停止
 113          {
 114   1              if(S5 == 0)
 115   1              {
 116   2                      while(!S5);
 117   2                      SS = !SS;
C51 COMPILER V9.01   150                                                                   08/18/2018 17:02:11 PAGE 3   

 118   2              }
 119   1      }
 120          
 121          
 122          
 123          void buttfunc() //S2键、S3键函数 调时
 124          {
 125   1              
 126   1              if(qq == 1) //第一次按S1时，调秒
 127   1              {
 128   2                      if(S2 == 0)
 129   2                      {
 130   3                              while(!S2);
 131   3                              if(S < 59)
 132   3                              {
 133   4                                      S++;
 134   4                              }
 135   3                              else
 136   3                              {
 137   4                                      S = 0;        
 138   4                              }
 139   3                              delayMS(5);
 140   3                      }
 141   2                      if(S3 == 0)
 142   2                      {
 143   3                              while(!S3);
 144   3                              if(S > 0)
 145   3                              {                                        
 146   4                                      S--;
 147   4                              }
 148   3                              else
 149   3                              {
 150   4                                      S = 59;
 151   4                              }
 152   3                              delayMS(5);
 153   3                      }
 154   2                              j1=H%10;
 155   2                              j2=H/10;
 156   2                              k1=M%10;
 157   2                              k2=M/10;
 158   2                              l1=S%10;
 159   2                              l2=S/10;
 160   2                              play(j2,j1,k2,k1,l2,l1);
 161   2              }
 162   1              if(qq == 2) //第二次按S1时，调分
 163   1              {
 164   2                      if(S2 == 0)
 165   2                      {
 166   3                              while(!S2);
 167   3                              if(M < 59)
 168   3                              {
 169   4                                      M++;
 170   4                              }
 171   3                              else
 172   3                              {
 173   4                                      M = 0;
 174   4                              }
 175   3                              delayMS(5);
 176   3                      }
 177   2                      if(S3 == 0)
 178   2                      {
 179   3                              while(!S3);
C51 COMPILER V9.01   150                                                                   08/18/2018 17:02:11 PAGE 4   

 180   3                              if(M > 0)
 181   3                              {                                        
 182   4                                      M--;
 183   4                              }
 184   3                              else
 185   3                              {
 186   4                                      M = 59;
 187   4                              }
 188   3                              delayMS(5);
 189   3                      }
 190   2                              j1=H%10;
 191   2                              j2=H/10;
 192   2                              k1=M%10;
 193   2                              k2=M/10;
 194   2                              l1=S%10;
 195   2                              l2=S/10;
 196   2                              play(j2,j1,k2,k1,l2,l1);
 197   2              }
 198   1              if(qq == 3) //第三次按S1时，调时
 199   1              {
 200   2                      if(S2 == 0)
 201   2                      {
 202   3                              while(!S2);
 203   3                              if(H < 23)
 204   3                              {
 205   4                                      H++;
 206   4                              }
 207   3                              else
 208   3                              {
 209   4                                      H = 0;
 210   4                              }
 211   3                              delayMS(5);
 212   3                      }
 213   2                      if(S3 == 0)
 214   2                      {
 215   3                              while(!S3);
 216   3                              if(H > 0)
 217   3                              {                                        
 218   4                                      H--;
 219   4                              }
 220   3                              else
 221   3                              {
 222   4                                      H = 23;
 223   4                              }
 224   3                              delayMS(5);
 225   3                      }
 226   2                              j1=H%10;
 227   2                              j2=H/10;
 228   2                              k1=M%10;
 229   2                              k2=M/10;
 230   2                              l1=S%10;
 231   2                              l2=S/10;
 232   2                              play(j2,j1,k2,k1,l2,l1);
 233   2              }
 234   1              if(qq == 4) //第四次 ,设闹钟
 235   1              {
 236   2                      j10=H1%10;
 237   2                      j20=H1/10;
 238   2                      k10=M1%10;
 239   2                      k20=M1/10;
 240   2                      l10=Sa%10;
 241   2                      l20=Sa/10;
C51 COMPILER V9.01   150                                                                   08/18/2018 17:02:11 PAGE 5   

 242   2                      play(j20,j10,k20,k10,l20,l10);
 243   2                      if(ww == 1)
 244   2                      {
 245   3                              if(S2 == 0)
 246   3                              {
 247   4                                      while(!S2);
 248   4                                      if(M1 < 59)
 249   4                                      {
 250   5                                              M1++;
 251   5                                      }
 252   4                                      else
 253   4                                      {
 254   5                                              M1 = 0;
 255   5                                      }
 256   4                                      delayMS(5);
 257   4                              }
 258   3                              if(S3 == 0)
 259   3                              {
 260   4                                      while(!S3);
 261   4                                      if(M1 > 1)
 262   4                                      {
 263   5                                              M1--;
 264   5                                      }
 265   4                                      else
 266   4                                      {
 267   5                                              M1 = 59;
 268   5                                      }
 269   4                              }
 270   3                      }
 271   2                      if(ww == 2)
 272   2                      {
 273   3                              if(S2 == 0)
 274   3                              {
 275   4                                      while(!S2);
 276   4                                      if(H1 < 23)
 277   4                                      {
 278   5                                              H1++;
 279   5                                      }
 280   4                                      else
 281   4                                      {
 282   5                                              H1 = 0;
 283   5                                      }
 284   4                                      delayMS(5);
 285   4                              }
 286   3                              if(S3 == 0)
 287   3                              {
 288   4                                      while(!S3);
 289   4                                      if(H1 > 1)
 290   4                                      {
 291   5                                              H1--;
 292   5                                      }
 293   4                                      else
 294   4                                      {
 295   5                                              H1 = 23;
 296   5                                      }
 297   4                              }
 298   3                       }                        
 299   2              }
 300   1              
 301   1              if(qq == 5) //第五次按S1时，继续计时
 302   1              {
 303   2                      while(!S1);
C51 COMPILER V9.01   150                                                                   08/18/2018 17:02:11 PAGE 6   

 304   2                      qq = 0;
 305   2                      ww = 0;
 306   2                      out = 1;
 307   2              }
 308   1      }
 309          
 310           /************主函数****************/
 311          void main()
 312          {
 313   1              TMOD = 0x01; //定时器0
 314   1              IE = 0x83; //中断打开，打开外部中断0和定时器0中断
 315   1              TH0 = (65536 - 46080)/256; //初值：2^16=65536   11.0592*10^6 * 50*10^(-3)=46080 （晶振*中断时间） 
 316   1              TL0 = (65536 - 46080)%256;
 317   1              while(1)
 318   1              {
 319   2                      stopfunc();
 320   2                      begin();
 321   2                      
 322   2                      if(out == 1)
 323   2                      {
 324   3                              TR0 = 1;
 325   3                              if(UT == 20) //1秒钟到了----20*50=1000ms
 326   3                              {        
 327   4                                      UT = 0;
 328   4                                      S++;
 329   4                                      if(S == 60)
 330   4                                      {
 331   5                                              S=0;
 332   5                                              M++;
 333   5                                              if(M == 60)
 334   5                                              {
 335   6                                                      M = 0;
 336   6                                                      H++;
 337   6                                                      if(H == 24) //24小时制
 338   6                                                      {
 339   7                                                              H = 0;
 340   7                                                      }
 341   6                                              }
 342   5                                      }
 343   4                              }
 344   3                      
 345   3                              j1=H%10;
 346   3                              j2=H/10;
 347   3                              k1=M%10;
 348   3                              k2=M/10;
 349   3                              l1=S%10;
 350   3                              l2=S/10;
 351   3                              play(j2,j1,k2,k1,l2,l1);
 352   3                      
 353   3                      }
 354   2                      else
 355   2                      {                
 356   3                              WWS4();
 357   3                              buttfunc();        
 358   3                      }
 359   2              }
 360   1      }
 361          /**********************定时器*********************/
 362          void TIME() interrupt 1
 363          {
 364   1              TH0 = (65536 - 46080)/256; //重装初值
 365   1              TL0 = (65536 - 46080)%256;
C51 COMPILER V9.01   150                                                                   08/18/2018 17:02:11 PAGE 7   

 366   1              UT++;
 367   1      }
 368                                                                                                                                                                                                                                                                                                                                          


MODULE INFORMATION:   STATIC OVERLAYABLE
   CODE SIZE        =    773    ----
   CONSTANT SIZE    =     10    ----
   XDATA SIZE       =   ----    ----
   PDATA SIZE       =   ----    ----
   DATA SIZE        =     25      12
   IDATA SIZE       =   ----    ----
   BIT SIZE         =   ----    ----
END OF MODULE INFORMATION.


C51 COMPILATION COMPLETE.  0 WARNING(S),  0 ERROR(S)
